[debug] [2022-10-27T06:31:45.612Z] ----------------------------------------------------------------------
[debug] [2022-10-27T06:31:45.613Z] Command:       C:\Program Files\nodejs\node.exe C:\Users\DELL\AppData\Roaming\npm\node_modules\firebase-tools\lib\bin\firebase.js init
[debug] [2022-10-27T06:31:45.614Z] CLI Version:   11.15.0
[debug] [2022-10-27T06:31:45.614Z] Platform:      win32
[debug] [2022-10-27T06:31:45.614Z] Node Version:  v16.15.1
[debug] [2022-10-27T06:31:45.615Z] Time:          Thu Oct 27 2022 12:31:45 GMT+0600 (Bangladesh Standard Time)
[debug] [2022-10-27T06:31:45.615Z] ----------------------------------------------------------------------
[debug] 
[debug] [2022-10-27T06:31:45.618Z] >>> [apiv2][query] GET https://firebase-public.firebaseio.com/cli.json [none]
[debug] [2022-10-27T06:31:45.640Z] > command requires scopes: ["email","openid","https://www.googleapis.com/auth/cloudplatformprojects.readonly","https://www.googleapis.com/auth/firebase","https://www.googleapis.com/auth/cloud-platform"]
[debug] [2022-10-27T06:31:45.641Z] > authorizing via signed-in user (azadovi@gmail.com)
[info] 
     ######## #### ########  ######## ########     ###     ######  ########
     ##        ##  ##     ## ##       ##     ##  ##   ##  ##       ##
     ######    ##  ########  ######   ########  #########  ######  ######
     ##        ##  ##    ##  ##       ##     ## ##     ##       ## ##
     ##       #### ##     ## ######## ########  ##     ##  ######  ########

You're about to initialize a Firebase project in this directory:

  C:\projects-T\assignment-10-client

Before we get started, keep in mind:

  * You are currently outside your home directory

[debug] [2022-10-27T06:31:46.325Z] <<< [apiv2][status] GET https://firebase-public.firebaseio.com/cli.json 200
[debug] [2022-10-27T06:31:46.325Z] <<< [apiv2][body] GET https://firebase-public.firebaseio.com/cli.json {"cloudBuildErrorAfter":1594252800000,"cloudBuildWarnAfter":1590019200000,"defaultNode10After":1594252800000,"minVersion":"3.0.5","node8DeploysDisabledAfter":1613390400000,"node8RuntimeDisabledAfter":1615809600000,"node8WarnAfter":1600128000000}
[info] 
=== Project Setup
[info] 
[info] First, let's associate this project directory with a Firebase project.
[info] You can create multiple project aliases by running firebase use --add, 
[info] but for now we'll just set up a default project.
[info] 
[debug] [2022-10-27T06:34:28.626Z] > refreshing access token with scopes: []
[debug] [2022-10-27T06:34:28.627Z] >>> [apiv2][query] POST https://www.googleapis.com/oauth2/v3/token [none]
[debug] [2022-10-27T06:34:28.627Z] >>> [apiv2][body] POST https://www.googleapis.com/oauth2/v3/token [omitted]
[debug] [2022-10-27T06:34:28.962Z] <<< [apiv2][status] POST https://www.googleapis.com/oauth2/v3/token 200
[debug] [2022-10-27T06:34:28.962Z] <<< [apiv2][body] POST https://www.googleapis.com/oauth2/v3/token [omitted]
[debug] [2022-10-27T06:34:29.072Z] >>> [apiv2][query] GET https://firebase.googleapis.com/v1beta1/projects pageSize=100
[debug] [2022-10-27T06:34:29.938Z] <<< [apiv2][status] GET https://firebase.googleapis.com/v1beta1/projects 200
[debug] [2022-10-27T06:34:29.938Z] <<< [apiv2][body] GET https://firebase.googleapis.com/v1beta1/projects [omitted]
